{"/Users/ryu/git/sparta/jwt-project-advanced/src/controllers/user.controller.js": {"path":"/Users/ryu/git/sparta/jwt-project-advanced/src/controllers/user.controller.js","statementMap":{"0":{"start":{"line":3,"column":4},"end":{"line":3,"column":35}},"1":{"start":{"line":6,"column":11},"end":{"line":14,"column":3}},"2":{"start":{"line":7,"column":4},"end":{"line":13,"column":5}},"3":{"start":{"line":8,"column":6},"end":{"line":8,"column":46}},"4":{"start":{"line":9,"column":6},"end":{"line":9,"column":71}},"5":{"start":{"line":11,"column":6},"end":{"line":11,"column":25}},"6":{"start":{"line":12,"column":6},"end":{"line":12,"column":18}},"7":{"start":{"line":16,"column":11},"end":{"line":32,"column":3}},"8":{"start":{"line":17,"column":4},"end":{"line":31,"column":5}},"9":{"start":{"line":18,"column":19},"end":{"line":18,"column":58}},"10":{"start":{"line":19,"column":6},"end":{"line":26,"column":7}},"11":{"start":{"line":20,"column":8},"end":{"line":23,"column":10}},"12":{"start":{"line":25,"column":8},"end":{"line":25,"column":34}},"13":{"start":{"line":27,"column":6},"end":{"line":27,"column":71}},"14":{"start":{"line":30,"column":6},"end":{"line":30,"column":18}},"15":{"start":{"line":34,"column":13},"end":{"line":45,"column":3}},"16":{"start":{"line":35,"column":4},"end":{"line":44,"column":5}},"17":{"start":{"line":36,"column":19},"end":{"line":36,"column":33}},"18":{"start":{"line":38,"column":6},"end":{"line":40,"column":74}},"19":{"start":{"line":42,"column":6},"end":{"line":42,"column":69}},"20":{"start":{"line":43,"column":6},"end":{"line":43,"column":18}},"21":{"start":{"line":47,"column":12},"end":{"line":54,"column":3}},"22":{"start":{"line":48,"column":4},"end":{"line":53,"column":5}},"23":{"start":{"line":49,"column":6},"end":{"line":49,"column":28}},"24":{"start":{"line":50,"column":6},"end":{"line":50,"column":72}},"25":{"start":{"line":52,"column":6},"end":{"line":52,"column":56}},"26":{"start":{"line":56,"column":18},"end":{"line":66,"column":3}},"27":{"start":{"line":57,"column":4},"end":{"line":65,"column":5}},"28":{"start":{"line":58,"column":23},"end":{"line":58,"column":34}},"29":{"start":{"line":59,"column":27},"end":{"line":59,"column":35}},"30":{"start":{"line":60,"column":6},"end":{"line":60,"column":59}},"31":{"start":{"line":61,"column":6},"end":{"line":61,"column":70}},"32":{"start":{"line":63,"column":6},"end":{"line":63,"column":25}},"33":{"start":{"line":64,"column":6},"end":{"line":64,"column":52}}},"fnMap":{"0":{"name":"(anonymous_0)","decl":{"start":{"line":2,"column":2},"end":{"line":2,"column":3}},"loc":{"start":{"line":2,"column":27},"end":{"line":4,"column":3}},"line":2},"1":{"name":"(anonymous_1)","decl":{"start":{"line":6,"column":11},"end":{"line":6,"column":12}},"loc":{"start":{"line":6,"column":37},"end":{"line":14,"column":3}},"line":6},"2":{"name":"(anonymous_2)","decl":{"start":{"line":16,"column":11},"end":{"line":16,"column":12}},"loc":{"start":{"line":16,"column":37},"end":{"line":32,"column":3}},"line":16},"3":{"name":"(anonymous_3)","decl":{"start":{"line":34,"column":13},"end":{"line":34,"column":14}},"loc":{"start":{"line":34,"column":39},"end":{"line":45,"column":3}},"line":34},"4":{"name":"(anonymous_4)","decl":{"start":{"line":47,"column":12},"end":{"line":47,"column":13}},"loc":{"start":{"line":47,"column":38},"end":{"line":54,"column":3}},"line":47},"5":{"name":"(anonymous_5)","decl":{"start":{"line":56,"column":18},"end":{"line":56,"column":19}},"loc":{"start":{"line":56,"column":44},"end":{"line":66,"column":3}},"line":56}},"branchMap":{"0":{"loc":{"start":{"line":19,"column":6},"end":{"line":26,"column":7}},"type":"if","locations":[{"start":{"line":19,"column":6},"end":{"line":26,"column":7}},{"start":{"line":24,"column":13},"end":{"line":26,"column":7}}],"line":19}},"s":{"0":1,"1":1,"2":1,"3":1,"4":1,"5":1,"6":1,"7":1,"8":0,"9":0,"10":0,"11":0,"12":0,"13":0,"14":0,"15":1,"16":0,"17":0,"18":0,"19":0,"20":0,"21":1,"22":0,"23":0,"24":0,"25":0,"26":1,"27":0,"28":0,"29":0,"30":0,"31":0,"32":0,"33":0},"f":{"0":1,"1":1,"2":0,"3":0,"4":0,"5":0},"b":{"0":[0,0]},"_coverageSchema":"1a1c01bbd47fc00a2c39e90264f33305004495a9","hash":"9ffa21753157720ad40f838b56fa3e81eec9da55"}
}
